[2023-07-04 05:12:17-INFO:-------------------------------------------------------------------------------------]
[2023-07-04 05:12:17-INFO:   name                value]
[2023-07-04 05:12:17-INFO:-------------------------------------------------------------------------------------]
[2023-07-04 05:12:17-INFO:   db_ip               =47.93.198.215]
[2023-07-04 05:12:17-INFO:   db_port             =3308]
[2023-07-04 05:12:17-INFO:   db_user             =root]
[2023-07-04 05:12:17-INFO:   db_pass             =root]
[2023-07-04 05:12:17-INFO:   table_schema        =information_schema]
[2023-07-04 05:12:17-INFO:   debug               =True]
[2023-07-04 05:12:17-INFO:   db                  =<pymysql.connections.Connection object at 0x7f6783f12fd0>]
[2023-07-04 05:12:17-INFO:   cur                 =<pymysql.cursors.Cursor object at 0x7f6783e664e0>]
[2023-07-04 05:12:17-INFO:   dic_cur             =<pymysql.cursors.Cursor object at 0x7f6783e666d8>]
[2023-07-04 05:12:17-INFO:-------------------------------------------------------------------------------------]
[2023-07-04 05:12:38-INFO:-------------------------------------------------------------------------------------]
[2023-07-04 05:12:38-INFO:   name                value]
[2023-07-04 05:12:38-INFO:-------------------------------------------------------------------------------------]
[2023-07-04 05:12:38-INFO:   db_ip               =47.93.198.215]
[2023-07-04 05:12:38-INFO:   db_port             =3308]
[2023-07-04 05:12:38-INFO:   db_user             =root]
[2023-07-04 05:12:38-INFO:   db_pass             =root]
[2023-07-04 05:12:38-INFO:   table_schema        =information_schema]
[2023-07-04 05:12:38-INFO:   debug               =True]
[2023-07-04 05:12:38-INFO:   db                  =<pymysql.connections.Connection object at 0x7fafab04df60>]
[2023-07-04 05:12:38-INFO:   cur                 =<pymysql.cursors.Cursor object at 0x7fafaafa2470>]
[2023-07-04 05:12:38-INFO:   dic_cur             =<pymysql.cursors.Cursor object at 0x7fafaafa2668>]
[2023-07-04 05:12:38-INFO:-------------------------------------------------------------------------------------]
[2023-07-04 05:17:23-INFO:-------------------------------------------------------------------------------------]
[2023-07-04 05:17:23-INFO:   name                value]
[2023-07-04 05:17:23-INFO:-------------------------------------------------------------------------------------]
[2023-07-04 05:17:23-INFO:   db_ip               =47.93.198.215]
[2023-07-04 05:17:23-INFO:   db_port             =3308]
[2023-07-04 05:17:23-INFO:   db_user             =root]
[2023-07-04 05:17:23-INFO:   db_pass             =root]
[2023-07-04 05:17:23-INFO:   table_schema        =information_schema]
[2023-07-04 05:17:23-INFO:   debug               =True]
[2023-07-04 05:17:23-INFO:   db                  =<pymysql.connections.Connection object at 0x7f9d94c990f0>]
[2023-07-04 05:17:23-INFO:   cur                 =<pymysql.cursors.Cursor object at 0x7f9d94be55c0>]
[2023-07-04 05:17:23-INFO:   dic_cur             =<pymysql.cursors.Cursor object at 0x7f9d94be57b8>]
[2023-07-04 05:17:23-INFO:-------------------------------------------------------------------------------------]
[2023-07-04 05:17:55-INFO:-------------------------------------------------------------------------------------]
[2023-07-04 05:17:55-INFO:   name                value]
[2023-07-04 05:17:55-INFO:-------------------------------------------------------------------------------------]
[2023-07-04 05:17:55-INFO:   db_ip               =47.93.198.215]
[2023-07-04 05:17:55-INFO:   db_port             =3308]
[2023-07-04 05:17:55-INFO:   db_user             =root]
[2023-07-04 05:17:55-INFO:   db_pass             =root]
[2023-07-04 05:17:55-INFO:   table_schema        =information_schema]
[2023-07-04 05:17:55-INFO:   debug               =True]
[2023-07-04 05:17:55-INFO:   db                  =<pymysql.connections.Connection object at 0x7f8ffb582080>]
[2023-07-04 05:17:55-INFO:   cur                 =<pymysql.cursors.Cursor object at 0x7f8ffb4ce550>]
[2023-07-04 05:17:55-INFO:   dic_cur             =<pymysql.cursors.Cursor object at 0x7f8ffb4ce748>]
[2023-07-04 05:17:55-INFO:-------------------------------------------------------------------------------------]
[2023-07-04 05:18:40-INFO:-------------------------------------------------------------------------------------]
[2023-07-04 05:18:40-INFO:   name                value]
[2023-07-04 05:18:40-INFO:-------------------------------------------------------------------------------------]
[2023-07-04 05:18:40-INFO:   db_ip               =47.93.198.215]
[2023-07-04 05:18:40-INFO:   db_port             =3308]
[2023-07-04 05:18:40-INFO:   db_user             =root]
[2023-07-04 05:18:40-INFO:   db_pass             =root]
[2023-07-04 05:18:40-INFO:   table_schema        =information_schema]
[2023-07-04 05:18:40-INFO:   debug               =True]
[2023-07-04 05:18:40-INFO:   db                  =<pymysql.connections.Connection object at 0x7f3b5d2d5160>]
[2023-07-04 05:18:40-INFO:   cur                 =<pymysql.cursors.Cursor object at 0x7f3b5d222630>]
[2023-07-04 05:18:40-INFO:   dic_cur             =<pymysql.cursors.Cursor object at 0x7f3b5d222828>]
[2023-07-04 05:18:40-INFO:-------------------------------------------------------------------------------------]
[2023-07-04 05:19:46-INFO:-------------------------------------------------------------------------------------]
[2023-07-04 05:19:46-INFO:   name                value]
[2023-07-04 05:19:46-INFO:-------------------------------------------------------------------------------------]
[2023-07-04 05:19:46-INFO:   db_ip               =47.93.198.215]
[2023-07-04 05:19:46-INFO:   db_port             =3308]
[2023-07-04 05:19:46-INFO:   db_user             =root]
[2023-07-04 05:19:46-INFO:   db_pass             =root]
[2023-07-04 05:19:46-INFO:   table_schema        =information_schema]
[2023-07-04 05:19:46-INFO:   debug               =True]
[2023-07-04 05:19:46-INFO:   db                  =<pymysql.connections.Connection object at 0x7f1e9f49d160>]
[2023-07-04 05:19:46-INFO:   cur                 =<pymysql.cursors.Cursor object at 0x7f1e9f3ea630>]
[2023-07-04 05:19:46-INFO:   dic_cur             =<pymysql.cursors.Cursor object at 0x7f1e9f3ea828>]
[2023-07-04 05:19:46-INFO:-------------------------------------------------------------------------------------]
[2023-07-04 05:20:52-INFO:-------------------------------------------------------------------------------------]
[2023-07-04 05:20:52-INFO:   name                value]
[2023-07-04 05:20:52-INFO:-------------------------------------------------------------------------------------]
[2023-07-04 05:20:52-INFO:   db_ip               =47.93.198.215]
[2023-07-04 05:20:52-INFO:   db_port             =3308]
[2023-07-04 05:20:52-INFO:   db_user             =root]
[2023-07-04 05:20:52-INFO:   db_pass             =root]
[2023-07-04 05:20:52-INFO:   table_schema        =information_schema]
[2023-07-04 05:20:52-INFO:   debug               =True]
[2023-07-04 05:20:52-INFO:   db                  =<pymysql.connections.Connection object at 0x7f40d81b91d0>]
[2023-07-04 05:20:52-INFO:   cur                 =<pymysql.cursors.Cursor object at 0x7f40d81066a0>]
[2023-07-04 05:20:52-INFO:   dic_cur             =<pymysql.cursors.Cursor object at 0x7f40d8106898>]
[2023-07-04 05:20:52-INFO:-------------------------------------------------------------------------------------]
[2023-07-04 05:21:57-INFO:-------------------------------------------------------------------------------------]
[2023-07-04 05:21:57-INFO:   name                value]
[2023-07-04 05:21:57-INFO:-------------------------------------------------------------------------------------]
[2023-07-04 05:21:57-INFO:   db_ip               =47.93.198.215]
[2023-07-04 05:21:57-INFO:   db_port             =3308]
[2023-07-04 05:21:57-INFO:   db_user             =root]
[2023-07-04 05:21:57-INFO:   db_pass             =root]
[2023-07-04 05:21:57-INFO:   table_schema        =information_schema]
[2023-07-04 05:21:57-INFO:   debug               =True]
[2023-07-04 05:21:57-INFO:   db                  =<pymysql.connections.Connection object at 0x7f7cba3901d0>]
[2023-07-04 05:21:57-INFO:   cur                 =<pymysql.cursors.Cursor object at 0x7f7cba2dd6a0>]
[2023-07-04 05:21:57-INFO:   dic_cur             =<pymysql.cursors.Cursor object at 0x7f7cba2dd898>]
[2023-07-04 05:21:57-INFO:-------------------------------------------------------------------------------------]
[2023-07-04 05:23:03-INFO:-------------------------------------------------------------------------------------]
[2023-07-04 05:23:03-INFO:   name                value]
[2023-07-04 05:23:03-INFO:-------------------------------------------------------------------------------------]
[2023-07-04 05:23:03-INFO:   db_ip               =47.93.198.215]
[2023-07-04 05:23:03-INFO:   db_port             =3308]
[2023-07-04 05:23:03-INFO:   db_user             =root]
[2023-07-04 05:23:03-INFO:   db_pass             =root]
[2023-07-04 05:23:03-INFO:   table_schema        =information_schema]
[2023-07-04 05:23:03-INFO:   debug               =True]
[2023-07-04 05:23:03-INFO:   db                  =<pymysql.connections.Connection object at 0x7f91e1ef71d0>]
[2023-07-04 05:23:03-INFO:   cur                 =<pymysql.cursors.Cursor object at 0x7f91e1e446a0>]
[2023-07-04 05:23:03-INFO:   dic_cur             =<pymysql.cursors.Cursor object at 0x7f91e1e44898>]
[2023-07-04 05:23:03-INFO:-------------------------------------------------------------------------------------]
[2023-07-05 09:11:28-INFO:-------------------------------------------------------------------------------------]
[2023-07-05 09:11:28-INFO:   name                value]
[2023-07-05 09:11:28-INFO:-------------------------------------------------------------------------------------]
[2023-07-05 09:11:28-INFO:   db_ip               =47.93.198.215]
[2023-07-05 09:11:28-INFO:   db_port             =3308]
[2023-07-05 09:11:28-INFO:   db_user             =root]
[2023-07-05 09:11:28-INFO:   db_pass             =root]
[2023-07-05 09:11:28-INFO:   table_schema        =information_schema]
[2023-07-05 09:11:28-INFO:   debug               =True]
[2023-07-05 09:11:28-INFO:   db                  =<pymysql.connections.Connection object at 0x7f83fe479da0>]
[2023-07-05 09:11:28-INFO:   cur                 =<pymysql.cursors.Cursor object at 0x7f84007e64a8>]
[2023-07-05 09:11:28-INFO:   dic_cur             =<pymysql.cursors.Cursor object at 0x7f84007e66a0>]
[2023-07-05 09:11:28-INFO:-------------------------------------------------------------------------------------]
[2023-07-05 09:12:09-INFO:-------------------------------------------------------------------------------------]
[2023-07-05 09:12:09-INFO:   name                value]
[2023-07-05 09:12:09-INFO:-------------------------------------------------------------------------------------]
[2023-07-05 09:12:09-INFO:   db_ip               =47.93.198.215]
[2023-07-05 09:12:09-INFO:   db_port             =3308]
[2023-07-05 09:12:09-INFO:   db_user             =root]
[2023-07-05 09:12:09-INFO:   db_pass             =root]
[2023-07-05 09:12:09-INFO:   table_schema        =information_schema]
[2023-07-05 09:12:09-INFO:   debug               =True]
[2023-07-05 09:12:09-INFO:   db                  =<pymysql.connections.Connection object at 0x7f1e728a5dd8>]
[2023-07-05 09:12:09-INFO:   cur                 =<pymysql.cursors.Cursor object at 0x7f1e74c124e0>]
[2023-07-05 09:12:09-INFO:   dic_cur             =<pymysql.cursors.Cursor object at 0x7f1e74c126d8>]
[2023-07-05 09:12:09-INFO:-------------------------------------------------------------------------------------]
[2023-07-05 09:13:56-INFO:-------------------------------------------------------------------------------------]
[2023-07-05 09:13:56-INFO:   name                value]
[2023-07-05 09:13:56-INFO:-------------------------------------------------------------------------------------]
[2023-07-05 09:13:56-INFO:   db_ip               =47.93.198.215]
[2023-07-05 09:13:56-INFO:   db_port             =3308]
[2023-07-05 09:13:56-INFO:   db_user             =root]
[2023-07-05 09:13:56-INFO:   db_pass             =root]
[2023-07-05 09:13:56-INFO:   table_schema        =information_schema]
[2023-07-05 09:13:56-INFO:   debug               =True]
[2023-07-05 09:13:56-INFO:   db                  =<pymysql.connections.Connection object at 0x7f6e3eaffcc0>]
[2023-07-05 09:13:56-INFO:   cur                 =<pymysql.cursors.DictCursor object at 0x7f6e3ea931d0>]
[2023-07-05 09:13:56-INFO:   dic_cur             =<pymysql.cursors.DictCursor object at 0x7f6e3ea933c8>]
[2023-07-05 09:13:56-INFO:-------------------------------------------------------------------------------------]
[2023-07-05 09:14:55-INFO:-------------------------------------------------------------------------------------]
[2023-07-05 09:14:55-INFO:   name                value]
[2023-07-05 09:14:55-INFO:-------------------------------------------------------------------------------------]
[2023-07-05 09:14:55-INFO:   db_ip               =47.93.198.215]
[2023-07-05 09:14:55-INFO:   db_port             =3308]
[2023-07-05 09:14:55-INFO:   db_user             =root]
[2023-07-05 09:14:55-INFO:   db_pass             =root]
[2023-07-05 09:14:55-INFO:   table_schema        =information_schema]
[2023-07-05 09:14:55-INFO:   debug               =True]
[2023-07-05 09:14:55-INFO:   db                  =<pymysql.connections.Connection object at 0x7fee24003320>]
[2023-07-05 09:14:55-INFO:   cur                 =<pymysql.cursors.DictCursor object at 0x7fee23fd7710>]
[2023-07-05 09:14:55-INFO:   dic_cur             =<pymysql.cursors.DictCursor object at 0x7fee23fd7940>]
[2023-07-05 09:14:55-INFO:-------------------------------------------------------------------------------------]
[2023-07-05 09:14:57-INFO:-------------------------------------------------------------------------------------]
[2023-07-05 09:14:57-INFO:   name                value]
[2023-07-05 09:14:57-INFO:-------------------------------------------------------------------------------------]
[2023-07-05 09:14:57-INFO:   db_ip               =47.93.198.215]
[2023-07-05 09:14:57-INFO:   db_port             =3308]
[2023-07-05 09:14:57-INFO:   db_user             =root]
[2023-07-05 09:14:57-INFO:   db_pass             =root]
[2023-07-05 09:14:57-INFO:   table_schema        =information_schema]
[2023-07-05 09:14:57-INFO:   debug               =True]
[2023-07-05 09:14:57-INFO:   db                  =<pymysql.connections.Connection object at 0x7f6b79e07cc0>]
[2023-07-05 09:14:57-INFO:   cur                 =<pymysql.cursors.DictCursor object at 0x7f6b79d9b1d0>]
[2023-07-05 09:14:57-INFO:   dic_cur             =<pymysql.cursors.DictCursor object at 0x7f6b79d9b3c8>]
[2023-07-05 09:14:57-INFO:-------------------------------------------------------------------------------------]
[2023-07-05 09:15:19-INFO:-------------------------------------------------------------------------------------]
[2023-07-05 09:15:19-INFO:   name                value]
[2023-07-05 09:15:19-INFO:-------------------------------------------------------------------------------------]
[2023-07-05 09:15:19-INFO:   db_ip               =47.93.198.215]
[2023-07-05 09:15:19-INFO:   db_port             =3308]
[2023-07-05 09:15:19-INFO:   db_user             =root]
[2023-07-05 09:15:19-INFO:   db_pass             =root]
[2023-07-05 09:15:19-INFO:   table_schema        =information_schema]
[2023-07-05 09:15:19-INFO:   debug               =True]
[2023-07-05 09:15:19-INFO:   db                  =<pymysql.connections.Connection object at 0x7f91b6afbcc0>]
[2023-07-05 09:15:19-INFO:   cur                 =<pymysql.cursors.DictCursor object at 0x7f91b6a8f1d0>]
[2023-07-05 09:15:19-INFO:   dic_cur             =<pymysql.cursors.DictCursor object at 0x7f91b6a8f3c8>]
[2023-07-05 09:15:19-INFO:-------------------------------------------------------------------------------------]
[2023-07-05 09:15:48-INFO:-------------------------------------------------------------------------------------]
[2023-07-05 09:15:48-INFO:   name                value]
[2023-07-05 09:15:48-INFO:-------------------------------------------------------------------------------------]
[2023-07-05 09:15:48-INFO:   db_ip               =47.93.198.215]
[2023-07-05 09:15:48-INFO:   db_port             =3308]
[2023-07-05 09:15:48-INFO:   db_user             =root]
[2023-07-05 09:15:48-INFO:   db_pass             =root]
[2023-07-05 09:15:48-INFO:   table_schema        =information_schema]
[2023-07-05 09:15:48-INFO:   debug               =True]
[2023-07-05 09:15:48-INFO:   db                  =<pymysql.connections.Connection object at 0x7fd7a0ea2cc0>]
[2023-07-05 09:15:48-INFO:   cur                 =<pymysql.cursors.DictCursor object at 0x7fd7a0e371d0>]
[2023-07-05 09:15:48-INFO:   dic_cur             =<pymysql.cursors.DictCursor object at 0x7fd7a0e373c8>]
[2023-07-05 09:15:48-INFO:-------------------------------------------------------------------------------------]
