10:38:18-05-25 10:38:18:INFO:[test]:checking hft_commission.order_sub column `mobile` ...
10:38:18-05-25 10:38:18:INFO:[test]:checking hft_commission.shopping_guide column `mobile` ...
10:38:18-05-25 10:38:18:INFO:[test]:checking hft_commission.shopping_guide_customer column `customer_mobile` ...
10:38:18-05-25 10:38:18:INFO:[test]:checking hft_partner_pingan.acct_bind_card column `agency_client_mobile` ...
10:38:18-05-25 10:38:18:INFO:[test]:checking hft_partner_pingan.acct_bind_card column `mobile` ...
10:38:18-05-25 10:38:18:INFO:[test]:checking hft_partner_pingan.acct_cust_info column `mobile` ...
10:38:18-05-25 10:38:18:INFO:[test]:checking hft_settlement.business_contacts_info column `id_card_number` ...
10:38:18-05-25 10:38:18:INFO:[test]:checking hft_settlement.business_contacts_info column `mobile` ...
10:38:18-05-25 10:38:18:INFO:[test]:checking hft_settlement.business_user_info column `id_card_number` ...
10:38:18-05-25 10:38:18:INFO:[test]:checking hft_settlement.invoice column `bank_no` ...
10:38:18-05-25 10:38:18:INFO:[test]:checking hft_settlement.invoice column `mobile` ...
10:38:18-05-25 10:38:18:INFO:[test]:checking hft_settlement.invoice column `sell_mobile` ...
10:38:18-05-25 10:38:18:INFO:[test]:checking hft_settlement.kingdee_send_out column `pay_bank_no` ...
10:38:18-05-25 10:38:18:INFO:[test]:checking hft_settlement.kingdee_send_out column `rec_bank_no` ...
10:38:18-05-25 10:38:18:INFO:[test]:checking hft_settle_center.business_settlement_setting_info column `account_no` ...
10:38:18-05-25 10:38:18:INFO:[test]:checking hft_settle_center.refund_order column `mobile` ...
10:38:18-05-25 10:38:18:INFO:[test]:checking hft_settle_center.settle_order column `mobile` ...
10:38:18-05-25 10:38:18:INFO:[test]:checking hft_settle_center.subsidy_invoice_details column `bank_no` ...
10:38:18-05-25 10:38:18:INFO:[test]:checking hft_settle_center.subsidy_invoice_details column `mobile` ...
10:38:18-05-25 10:38:18:INFO:[test]:checking hft_settle_center.subsidy_invoice_details column `sell_mobile` ...
10:38:18-05-25 10:38:18:INFO:[test]:checking hft_settle_center.subsidy_order_records column `apply_mobile` ...
10:38:18-05-25 10:38:18:INFO:[test]:checking hft_wallet.bank_number column `user_account_no` ...
10:38:18-05-25 10:38:18:INFO:[test]:checking hft_wallet.customer_bind_card column `bank_account` ...
10:38:18-05-25 10:38:18:INFO:[test]:checking hft_wallet.customer_bind_card column `cert_no` ...
10:38:18-05-25 10:38:18:INFO:[test]:checking hft_wallet.customer_bind_card column `mobile` ...
10:38:18-05-25 10:38:18:INFO:[test]:checking hft_wallet.customer_bind_card column `real_name` ...
10:38:18-05-25 10:38:18:INFO:[test]:checking hft_wallet.customer_identity_auth column `id_number` ...
10:38:18-05-25 10:38:18:INFO:[test]:checking hft_wallet.precharge_trans_record column `mobile` ...
10:38:18-05-25 10:38:18:INFO:[test]:checking hft_wallet.wallet_account_bank_info column `agency_client_mobile` ...
10:38:18-05-25 10:38:18:INFO:[test]:checking hft_wallet.wallet_account_bank_info column `bank_no` ...
10:38:18-05-25 10:38:18:INFO:[test]:checking hft_wallet.wallet_account_bank_info column `certificate_number` ...
10:38:18-05-25 10:38:18:INFO:[test]:checking hft_wallet.wallet_account_bank_info column `member_cert_number` ...
10:38:18-05-25 10:38:18:INFO:[test]:checking hft_wallet.wallet_account_bank_info column `member_name` ...
10:38:18-05-25 10:38:18:INFO:[test]:checking hft_wallet.wallet_account_bank_info column `phone` ...
10:38:18-05-25 10:38:18:INFO:[test]:checking hft_wallet.wallet_account_info column `user_mobile` ...
10:38:18-05-25 10:38:18:INFO:[test]:checking hft_wallet.wallet_charge_cash column `cash_bank_no` ...
10:38:18-05-25 10:38:18:INFO:[test]:checking hft_wallet.wallet_trade_details column `payee_mobile` ...
10:38:18-05-25 10:38:18:INFO:[test]:checking hft_wallet.wallet_trade_details column `payer_mobile` ...
10:38:18-05-25 10:38:18:INFO:[test]:checking hft_wallet.wallet_transfer_account column `to_bank_no` ...
10:38:18-05-25 10:38:18:INFO:[test]:checking hft_wallet.welfare_account_user_info column `id_number` ...
10:38:18-05-25 10:38:18:INFO:[test]:checking hft_wallet.welfare_account_user_info column `user_phone` ...
10:38:18-05-25 10:38:18:INFO:[test]:checking hft_wallet.welfare_task_details column `staff_phone` ...
10:38:18-05-25 10:38:18:INFO:[test]:checking hopson_hft.business column `bank_no` ...
10:38:18-05-25 10:38:18:INFO:[test]:checking hopson_hft.business column `mobile` ...
10:38:18-05-25 10:38:18:INFO:[test]:checking hopson_hft.business_cashier_account column `mobile` ...
10:38:18-05-25 10:38:18:INFO:[test]:checking business_finance.bfi_contractor column `contact_phone` ...
10:38:18-05-25 10:38:18:INFO:[test]:checking business_finance.bfi_contractor column `id_card_number` ...
10:38:18-05-25 10:38:18:INFO:[test]:checking business_finance.bfi_invoice_apply_title column `bank_account` ...
10:38:18-05-25 10:38:18:INFO:[test]:checking business_finance.bfi_invoice_apply_title column `email` ...
10:38:18-05-25 10:38:18:INFO:[test]:checking business_finance.bfi_invoice_apply_title column `mail_address` ...
10:38:18-05-25 10:38:18:INFO:[test]:checking business_finance.bfi_invoice_apply_title column `mobile_phone` ...
10:38:18-05-25 10:38:18:INFO:[test]:checking business_finance.bfi_invoice_apply_title column `telephone` ...
10:38:18-05-25 10:38:18:INFO:[test]:checking business_finance.bfi_invoice_title column `bank_account` ...
10:38:18-05-25 10:38:18:INFO:[test]:checking business_finance.bfi_invoice_title column `email` ...
10:38:18-05-25 10:38:18:INFO:[test]:checking business_finance.bfi_invoice_title column `mail_address` ...
10:38:18-05-25 10:38:18:INFO:[test]:checking business_finance.bfi_invoice_title column `mobile_phone` ...
10:38:18-05-25 10:38:18:INFO:[test]:checking business_finance.bfi_invoice_title column `telephone` ...
10:38:18-05-25 10:38:18:INFO:[test]:checking business_finance.bfi_reve_orders column `payee_bank_no` ...
10:38:18-05-25 10:38:18:INFO:[test]:checking hopsonone_base.oauth_member_info column `m_mobile` ...
10:38:18-05-25 10:38:18:INFO:[test]:checking hopsonone_base.oauth_member_info_log column `m_mobile` ...
10:38:18-05-25 10:38:18:INFO:[test]:checking hopsonone_bill.bill column `mobile` ...
10:38:21-05-25 10:38:21:INFO:[test]:checking hopsonone_card.card_grant_record column `mobile` ...
10:38:21-05-25 10:38:21:INFO:[test]:checking hopsonone_card_alipay.card_system_card column `mobile` ...
10:38:21-05-25 10:38:21:INFO:[test]:checking hopsonone_cms.hs_user column `user_email` ...
10:38:21-05-25 10:38:21:INFO:[test]:checking hopsonone_cms.hs_user column `user_mobile` ...
10:38:21-05-25 10:38:21:INFO:[test]:checking hopsonone_coupons_v2.coupons_task_import_member column `m_mobile` ...
10:38:21-05-25 10:38:21:INFO:[test]:checking hopsonone_games.statistics_times column `mobile` ...
10:38:21-05-25 10:38:21:INFO:[test]:checking hopsonone_games.treasure_card column `m_mobile` ...
10:38:21-05-25 10:38:21:INFO:[test]:checking hopsonone_games.treasure_record column `address_id` ...
10:38:21-05-25 10:38:21:INFO:[test]:checking hopsonone_games.treasure_record column `address_info` ...
10:38:21-05-25 10:38:21:INFO:[test]:checking hopsonone_games.treasure_record column `ma_mobile` ...
10:38:21-05-25 10:38:21:INFO:[test]:checking hopsonone_invoice.invoice column `email` ...
10:38:21-05-25 10:38:21:INFO:[test]:checking hopsonone_invoice.invoice_application column `buyer_address` ...
10:38:21-05-25 10:38:21:INFO:[test]:checking hopsonone_invoice.invoice_application column `buyer_bank_account` ...
10:38:21-05-25 10:38:21:INFO:[test]:checking hopsonone_invoice.invoice_application column `buyer_email` ...
10:38:21-05-25 10:38:21:INFO:[test]:checking hopsonone_invoice.invoice_application column `buyer_telphone` ...
10:38:21-05-25 10:38:21:INFO:[test]:checking hopsonone_invoice.invoice_application column `m_mobile` ...
10:38:21-05-25 10:38:21:INFO:[test]:checking hopsonone_invoice.invoice_buyer_record column `address` ...
10:38:21-05-25 10:38:21:INFO:[test]:checking hopsonone_invoice.invoice_buyer_record column `bank_account` ...
10:38:21-05-25 10:38:21:INFO:[test]:checking hopsonone_invoice.invoice_buyer_record column `telphone` ...
10:38:21-05-25 10:38:21:INFO:[test]:checking hopsonone_invoice.invoice_member_title column `address` ...
10:38:21-05-25 10:38:21:INFO:[test]:checking hopsonone_invoice.invoice_member_title column `bank_account` ...
10:38:21-05-25 10:38:21:INFO:[test]:checking hopsonone_invoice.invoice_member_title column `receive_email` ...
10:38:21-05-25 10:38:21:INFO:[test]:checking hopsonone_invoice.invoice_member_title column `telphone` ...
10:38:21-05-25 10:38:21:INFO:[test]:checking hopsonone_invoice.invoice_qr_code column `email` ...
10:38:21-05-25 10:38:21:INFO:[test]:checking hopsonone_invoice.invoice_seller column `address` ...
10:38:21-05-25 10:38:21:INFO:[test]:checking hopsonone_invoice.invoice_seller column `bank_account` ...
10:38:21-05-25 10:38:21:INFO:[test]:checking hopsonone_invoice.invoice_seller column `client_tel` ...
10:38:21-05-25 10:38:21:INFO:[test]:checking hopsonone_invoice.invoice_seller column `contacts_email` ...
10:38:21-05-25 10:38:21:INFO:[test]:checking hopsonone_invoice.invoice_seller column `contacts_name` ...
10:38:21-05-25 10:38:21:INFO:[test]:checking hopsonone_invoice.invoice_seller column `legal_person_name` ...
10:38:21-05-25 10:38:21:INFO:[test]:checking hopsonone_invoice.invoice_seller column `taxpayer_tel` ...
10:38:21-05-25 10:38:21:INFO:[test]:checking hopsonone_invoice.invoice_seller column `telphone` ...
10:38:21-05-25 10:38:21:INFO:[test]:checking hopsonone_invoice.invoice_seller_record column `address` ...
10:38:21-05-25 10:38:21:INFO:[test]:checking hopsonone_invoice.invoice_seller_record column `bank_account` ...
10:38:21-05-25 10:38:21:INFO:[test]:checking hopsonone_invoice.invoice_seller_record column `telphone` ...
10:38:21-05-25 10:38:21:INFO:[test]:checking hopsonone_invoice.invoice_send_record column `account` ...
10:38:21-05-25 10:38:21:INFO:[test]:checking hopsonone_members.members column `m_mobile` ...
10:38:22-05-25 10:38:22:INFO:[test]:checking hopsonone_members.members_address column `address_label` ...
10:38:22-05-25 10:38:22:INFO:[test]:checking hopsonone_members.members_address column `ma_address` ...
10:38:22-05-25 10:38:22:INFO:[test]:checking hopsonone_members.members_address column `ma_mobile` ...
10:38:22-05-25 10:38:22:INFO:[test]:checking hopsonone_members.registration_form column `address` ...
10:38:22-05-25 10:38:22:INFO:[test]:checking hopsonone_members.registration_form column `id_number` ...
10:38:22-05-25 10:38:22:INFO:[test]:checking hopsonone_members.registration_form column `phone_number` ...
10:38:22-05-25 10:38:22:INFO:[test]:checking hopsonone_park.month_delay_orders column `account_number` ...
10:38:22-05-25 10:38:22:INFO:[test]:checking hopsonone_park.month_delay_orders column `card_person_mobile` ...
10:38:22-05-25 10:38:22:INFO:[test]:checking hopsonone_park.month_delay_orders column `card_person_name` ...
10:38:22-05-25 10:38:22:INFO:[test]:checking hopsonone_park.month_delay_orders column `m_mobile` ...
10:38:22-05-25 10:38:22:INFO:[test]:checking hopsonone_park.month_order_sub column `mobile` ...
10:38:22-05-25 10:38:22:INFO:[test]:checking hopsonone_park.month_order_sub column `user_name` ...
10:38:22-05-25 10:38:22:INFO:[test]:checking hopsonone_park.park_invoice_application column `buyer_email` ...
10:38:22-05-25 10:38:22:INFO:[test]:checking hopsonone_park.park_reduce column `user_phone` ...
10:38:22-05-25 10:38:22:INFO:[test]:checking hopsonone_park.pf_car_info column `vehicle_identification` ...
10:38:22-05-25 10:38:22:INFO:[test]:checking hopsonone_park.pf_car_info column `vehicle_owner` ...
10:38:22-05-25 10:38:22:INFO:[test]:checking hopsonone_park.pf_eceiving_account column `account_number` ...
10:38:22-05-25 10:38:22:INFO:[test]:checking hopsonone_park.pf_eceiving_account_detail column `telephone` ...
10:38:22-05-25 10:38:22:INFO:[test]:checking hopsonone_park.pf_lessee_manage column `id_no` ...
10:38:22-05-25 10:38:22:INFO:[test]:checking hopsonone_park.pf_lessee_manage column `lessee_name` ...
10:38:22-05-25 10:38:22:INFO:[test]:checking hopsonone_park.pf_lessee_manage column `phone` ...
10:38:22-05-25 10:38:22:INFO:[test]:checking hopsonone_park.pf_monthly_lease_management column `lessee_name` ...
10:38:22-05-25 10:38:22:INFO:[test]:checking hopsonone_park.pf_park_booking column `mobile` ...
10:38:22-05-25 10:38:22:INFO:[test]:checking hopsonone_park.pf_park_booking column `name` ...
10:38:22-05-25 10:38:22:INFO:[test]:checking hopsonone_park.pf_park_booking_car column `mobile` ...
10:38:22-05-25 10:38:22:INFO:[test]:checking hopsonone_park.pf_park_booking_car column `name` ...
10:38:22-05-25 10:38:22:INFO:[test]:checking hopsonone_park.pf_vip_management column `phone` ...
10:38:22-05-25 10:38:22:INFO:[test]:checking hopsonone_park.pf_vip_management column `vip_name` ...
10:38:22-05-25 10:38:22:INFO:[test]:checking hopsonone_park.user_unconscious column `m_mobile` ...
10:38:22-05-25 10:38:22:INFO:[test]:checking hopsonone_partnet_anxinsign.sign_template column `company_ident_no` ...
10:38:22-05-25 10:38:22:INFO:[test]:checking hopsonone_partnet_anxinsign.sign_template column `ident_no` ...
10:38:22-05-25 10:38:22:INFO:[test]:checking hopsonone_partnet_anxinsign.sign_template column `mobile_phone` ...
10:38:22-05-25 10:38:22:INFO:[test]:checking hopsonone_partnet_anxinsign.store_sign_template column `company_ident_no` ...
10:38:22-05-25 10:38:22:INFO:[test]:checking hopsonone_partnet_anxinsign.store_sign_template column `ident_no` ...
10:38:22-05-25 10:38:22:INFO:[test]:checking hopsonone_partnet_anxinsign.store_sign_template column `mobile_phone` ...
10:38:22-05-25 10:38:22:INFO:[test]:checking hopsonone_partnet_anxinsign.store_sign_template column `transactor_name` ...
10:38:22-05-25 10:38:22:INFO:[test]:checking hopsonone_pay.orders_alipay_notify column `seller_email` ...
10:38:23-05-25 10:38:23:INFO:[test]:checking hopsonone_personal.ali_card_log column `certNo` ...
10:38:23-05-25 10:38:23:INFO:[test]:checking hopsonone_personal.ali_card_log column `mobile` ...
10:38:23-05-25 10:38:23:INFO:[test]:checking hopsonone_personal.bm_member column `member_email` ...
10:38:23-05-25 10:38:23:INFO:[test]:checking hopsonone_personal.bm_member column `member_mobile` ...
10:38:23-05-25 10:38:23:INFO:[test]:checking hopsonone_personal.bm_member column `member_name` ...
10:38:23-05-25 10:38:23:INFO:[test]:checking hopsonone_personal.cancel column `m_mobile` ...
10:38:23-05-25 10:38:23:INFO:[test]:checking hopsonone_personal.cancel_log column `m_mobile` ...
10:38:23-05-25 10:38:23:INFO:[test]:checking hopsonone_personal.feedback column `member_mobile` ...
10:38:23-05-25 10:38:23:INFO:[test]:checking hopsonone_personal.members_wifi column `phone` ...
10:38:23-05-25 10:38:23:INFO:[test]:checking hopsonone_personal.small_ticket column `member_mobile` ...
10:38:23-05-25 10:38:23:INFO:[test]:checking hopsonone_personal.wx_push_member column `member_email` ...
10:38:23-05-25 10:38:23:INFO:[test]:checking hopsonone_personal.wx_push_member column `member_mobile` ...
10:38:23-05-25 10:38:23:INFO:[test]:checking hopsonone_personal.wx_push_member column `member_name` ...
10:38:23-05-25 10:38:23:INFO:[test]:checking hopsonone_point.point_validity column `member_mobile` ...
10:38:23-05-25 10:38:23:INFO:[test]:checking hopsonone_verification.thirdpart_verification_log column `member_mobile` ...
10:38:23-05-25 10:38:23:INFO:[test]:checking hopsonone_verification.thirdpart_verification_log column `member_name` ...
10:38:23-05-25 10:38:23:INFO:[test]:checking hopsonone_verification.verification_log column `member_mobile` ...
10:38:23-05-25 10:38:23:INFO:[test]:checking hopsonone_verification.verification_log column `member_name` ...
10:38:23-05-25 10:38:23:INFO:[test]:checking hopsonone_verification.verification_log_detail column `member_mobile` ...
10:38:23-05-25 10:38:23:INFO:[test]:checking hopsonone_verification.verification_log_detail column `member_name` ...
10:38:23-05-25 10:38:23:INFO:[test]:checking mall_goods_v2.goods_card_grant_record column `mobile` ...
10:38:23-05-25 10:38:23:INFO:[test]:checking mall_logistics.logistics_address column `email` ...
10:38:23-05-25 10:38:23:INFO:[test]:checking mall_logistics.logistics_address column `phone` ...
10:38:23-05-25 10:38:23:INFO:[test]:checking mall_logistics.logistics_address column `telephone` ...
10:38:23-05-25 10:38:23:INFO:[test]:checking mall_logistics.logistic_order_online_receive column `address` ...
10:38:23-05-25 10:38:23:INFO:[test]:checking mall_logistics.logistic_order_online_receive column `mobile` ...
10:38:23-05-25 10:38:23:INFO:[test]:checking mall_merchant_shop.account column `email` ...
10:38:23-05-25 10:38:23:INFO:[test]:checking mall_merchant_shop.account column `mobile` ...
10:38:23-05-25 10:38:23:INFO:[test]:checking mall_merchant_shop.business_login column `phone` ...
10:38:23-05-25 10:38:23:INFO:[test]:checking mall_merchant_shop.deposit_confirm column `account_no` ...
10:38:23-05-25 10:38:23:INFO:[test]:checking mall_merchant_shop.logistics_address column `email` ...
10:38:23-05-25 10:38:23:INFO:[test]:checking mall_merchant_shop.logistics_address column `phone` ...
10:38:23-05-25 10:38:23:INFO:[test]:checking mall_merchant_shop.logistics_address column `telephone` ...
10:38:23-05-25 10:38:23:INFO:[test]:checking mall_merchant_shop.merchant column `bank_account` ...
10:38:23-05-25 10:38:23:INFO:[test]:checking mall_merchant_shop.merchant column `bind_phone` ...
10:38:23-05-25 10:38:23:INFO:[test]:checking mall_merchant_shop.merchant column `email` ...
10:38:23-05-25 10:38:23:INFO:[test]:checking mall_merchant_shop.merchant column `phone` ...
10:38:23-05-25 10:38:23:INFO:[test]:checking mall_merchant_shop.merchant_shop column `link_user_phone` ...
10:38:23-05-25 10:38:23:INFO:[test]:checking mall_merchant_shop.online_store column `mobile` ...
10:38:23-05-25 10:38:23:INFO:[test]:checking mall_merchant_shop.online_store_address column `phone` ...
10:38:23-05-25 10:38:23:INFO:[test]:checking mall_order.order_address column `ma_address` ...
10:38:23-05-25 10:38:23:INFO:[test]:checking mall_order.order_address column `ma_mobile` ...
10:38:23-05-25 10:38:23:INFO:[test]:checking merchant_auth.business_contacts_info column `email` ...
10:38:23-05-25 10:38:23:INFO:[test]:checking merchant_auth.business_contacts_info column `id_card_number` ...
10:38:23-05-25 10:38:23:INFO:[test]:checking merchant_auth.business_contacts_info column `mobile` ...
10:38:23-05-25 10:38:23:INFO:[test]:checking merchant_auth.business_contacts_info column `user_id_address` ...
10:38:23-05-25 10:38:23:INFO:[test]:checking merchant_auth.business_oauth_info column `license_address` ...
10:38:23-05-25 10:38:23:INFO:[test]:checking merchant_auth.business_settlement_info column `account_no` ...
10:38:23-05-25 10:38:23:INFO:[test]:checking merchant_auth.business_user_info column `id_card_number` ...
10:38:23-05-25 10:38:23:INFO:[test]:checking merchant_entity.business column `business_mobile` ...
10:38:23-05-25 10:38:23:INFO:[test]:checking merchant_entity.business column `subscribe_mobile` ...
10:38:23-05-25 10:38:23:INFO:[test]:checking merchant_entity.business_hs_user column `user_mobile` ...
10:38:23-05-25 10:38:23:INFO:[test]:checking merchant_entity.business_user column `business_umobile` ...
10:38:23-05-25 10:38:23:INFO:[test]:checking merchant_entity.dbo_store column `telephone` ...
10:38:23-05-25 10:38:23:INFO:[test]:checking merchant_entity.entity_store column `store_address` ...
10:38:23-05-25 10:38:23:INFO:[test]:checking merchant_entity.entity_store column `store_mobile` ...
10:38:23-05-25 10:38:23:INFO:[test]:checking merchant_entity.entity_store_authentication_info column `card_address` ...
10:38:23-05-25 10:38:23:INFO:[test]:checking merchant_entity.entity_store_authentication_info column `id_card_number` ...
10:38:23-05-25 10:38:23:INFO:[test]:checking merchant_entity.entity_store_market column `store_mobile` ...
10:38:23-05-25 10:38:23:INFO:[test]:checking merchant_entity.entity_store_market column `subscribe_mobile` ...
10:38:23-05-25 10:38:23:INFO:[test]:checking merchant_entity.market column `attract_phone` ...
10:38:23-05-25 10:38:23:INFO:[test]:checking merchant_entity.market column `market_address` ...
10:38:23-05-25 10:38:23:INFO:[test]:checking merchant_entity.market column `market_mobile` ...
10:38:23-05-25 10:38:23:INFO:[test]:checking merchant_entity.vr_business column `subscribe_mobile` ...
10:38:23-05-25 10:38:23:INFO:[test]:checking merchant_hopson_base.hs_base_address column `detail_address` ...
10:38:23-05-25 10:38:23:INFO:[test]:checking merchant_hopson_base.hs_merchant_account column `bank_no` ...
10:38:23-05-25 10:38:23:INFO:[test]:checking merchant_hopson_base.hs_m_user column `phone_number` ...
10:38:23-05-25 10:38:23:INFO:[test]:checking merchant_hopson_base.hs_service_merchant column `create_user_phone` ...
10:38:23-05-25 10:38:23:INFO:[test]:checking merchant_hopson_base.hs_service_merchant column `phone_number` ...
10:38:23-05-25 10:38:23:INFO:[test]:checking merchant_hopson_goods.hs_goods_sku column `contact_phone` ...
10:38:23-05-25 10:38:23:INFO:[test]:checking merchant_hopson_goods.hs_goods_spu column `contact_phone` ...
10:38:23-05-25 10:38:23:INFO:[test]:checking merchant_hopson_order.hs_delivery_order column `merchant_contact_phone` ...
10:38:23-05-25 10:38:23:INFO:[test]:checking merchant_hopson_order.hs_delivery_order column `service_address` ...
10:38:23-05-25 10:38:23:INFO:[test]:checking merchant_hopson_order.hs_delivery_order column `user_address` ...
10:38:23-05-25 10:38:23:INFO:[test]:checking merchant_hopson_order.hs_delivery_order column `user_contact_phone` ...
10:38:23-05-25 10:38:23:INFO:[test]:checking merchant_hopson_order.hs_delivery_order column `user_phone` ...
10:38:23-05-25 10:38:23:INFO:[test]:checking merchant_hopson_order.hs_delivery_order_item column `merchant_contact_phone` ...
10:38:23-05-25 10:38:23:INFO:[test]:checking merchant_hopson_order.hs_delivery_order_item column `service_address` ...
10:38:23-05-25 10:38:23:INFO:[test]:checking merchant_hopson_order.hs_delivery_order_item column `user_address` ...
10:38:23-05-25 10:38:23:INFO:[test]:checking merchant_hopson_order.hs_delivery_order_item column `user_contact_phone` ...
10:38:23-05-25 10:38:23:INFO:[test]:checking merchant_hopson_order.hs_delivery_order_item column `user_phone` ...
10:38:23-05-25 10:38:23:INFO:[test]:checking merchant_hopson_order.hs_main_order column `merchant_contact_phone` ...
10:38:23-05-25 10:38:23:INFO:[test]:checking merchant_hopson_order.hs_main_order column `service_address` ...
10:38:23-05-25 10:38:23:INFO:[test]:checking merchant_hopson_order.hs_main_order column `user_address` ...
10:38:23-05-25 10:38:23:INFO:[test]:checking merchant_hopson_order.hs_main_order column `user_contact_phone` ...
10:38:23-05-25 10:38:23:INFO:[test]:checking merchant_hopson_order.hs_main_order column `user_phone` ...
10:38:23-05-25 10:38:23:INFO:[test]:checking merchant_hopson_order.hs_main_order_item column `merchant_contact_phone` ...
10:38:23-05-25 10:38:23:INFO:[test]:checking merchant_hopson_order.hs_main_order_item column `service_address` ...
10:38:23-05-25 10:38:23:INFO:[test]:checking merchant_hopson_order.hs_main_order_item column `user_address` ...
10:38:23-05-25 10:38:23:INFO:[test]:checking merchant_hopson_order.hs_main_order_item column `user_contact_phone` ...
10:38:23-05-25 10:38:23:INFO:[test]:checking merchant_hopson_order.hs_main_order_item column `user_phone` ...
10:38:23-05-25 10:38:23:INFO:[test]:checking merchant_hopson_order.hs_work_order column `service_phone` ...
10:38:23-05-25 10:38:23:INFO:[test]:checking merchant_office.renter column `mobile` ...
10:38:23-05-25 10:38:23:INFO:[test]:checking merchant_subject.account column `email` ...
10:38:23-05-25 10:38:23:INFO:[test]:checking merchant_subject.account column `mobile` ...
10:38:23-05-25 10:38:23:INFO:[test]:checking merchant_subject.business_contacts_info column `id_card_number` ...
10:38:23-05-25 10:38:23:INFO:[test]:checking merchant_subject.business_contacts_info column `mobile` ...
10:38:23-05-25 10:38:23:INFO:[test]:checking merchant_subject.business_login column `email` ...
10:38:23-05-25 10:38:23:INFO:[test]:checking merchant_subject.business_login column `phone` ...
10:38:23-05-25 10:38:23:INFO:[test]:checking merchant_subject.business_user_info column `id_card_number` ...
10:38:23-05-25 10:38:23:INFO:[test]:checking merchant_subject.company_service_apply column `mobile` ...
10:38:23-05-25 10:38:23:INFO:[test]:checking merchant_subject.subject_authentication column `email` ...
10:38:23-05-25 10:38:23:INFO:[test]:checking merchant_subject.subject_authentication column `id_card_number` ...
10:38:23-05-25 10:38:23:INFO:[test]:checking merchant_subject.subject_authentication column `mobile` ...
10:38:23-05-25 10:38:23:INFO:[test]:checking merchant_subject.subject_identity column `id_card_address` ...
10:38:23-05-25 10:38:23:INFO:[test]:checking merchant_subject.subject_identity column `id_card_number` ...
10:38:23-05-25 10:38:23:INFO:[test]:checking merchant_subject.subject_invoice_title column `bank_account` ...
10:38:23-05-25 10:38:23:INFO:[test]:checking merchant_subject.subject_invoice_title column `email` ...
10:38:23-05-25 10:38:23:INFO:[test]:checking merchant_subject.subject_invoice_title column `mail_address` ...
10:38:23-05-25 10:38:23:INFO:[test]:checking merchant_subject.subject_invoice_title column `mobile_phone` ...
10:38:23-05-25 10:38:23:INFO:[test]:checking merchant_subject.subject_invoice_title column `telephone` ...
10:38:23-05-25 10:38:23:INFO:[test]:checking shop_bill.bank column `bank_no` ...
10:38:23-05-25 10:38:23:INFO:[test]:checking shop_bill.bill_account column `bank_no` ...
10:38:23-05-25 10:38:23:INFO:[test]:checking shop_bill.fix_log column `login_name` ...
10:38:23-05-25 10:38:23:INFO:[test]:checking shop_bill.fix_log column `mobile` ...
10:38:23-05-25 10:38:23:INFO:[test]:checking shop_bill.send_record column `mail_no` ...
10:38:23-05-25 10:38:23:INFO:[test]:checking shop_bill.send_record column `user_name` ...
10:38:23-05-25 10:38:23:INFO:[test]:checking shop_side_operation.business_bill_payment column `contact` ...
10:38:23-05-25 10:38:23:INFO:[test]:checking shop_side_operation.business_bill_payment column `payee_account` ...
10:38:23-05-25 10:38:23:INFO:[test]:checking shop_side_operation.business_bill_payment column `phone` ...
10:38:23-05-25 10:38:23:INFO:[test]:checking shop_side_operation.business_bill_payment column `post_address` ...
10:38:23-05-25 10:38:23:INFO:[test]:checking shop_side_operation.business_login column `email` ...
10:38:23-05-25 10:38:23:INFO:[test]:checking shop_side_operation.business_login column `phone` ...
10:38:23-05-25 10:38:23:INFO:[test]:checking hopson_hft.business_cashier_account column `name` ...
10:38:23-05-25 10:38:23:INFO:[test]:checking hopsonone_members.members_address column `ma_name` ...
